Build started 11/11/2014 1:19:34 AM.
     1>Project "C:\Users\wavecom\Desktop\Final Project\sample code\smoke2d\vs2010\Fluid.vcxproj" on node 2 (build target(s)).
     1>InitializeBuildStatus:
         Creating "Debug\Fluid.unsuccessfulbuild" because "AlwaysCreate" was specified.
       ClCompile:
         D:\Microsoft Visual Studio 10.0\VC\bin\CL.exe /c /I../lib/glew /I../lib/pez /I../lib/glsw /I../lib/vectormath /ZI /nologo /W3 /WX- /Od /Oy- /D GLEW_STATIC /D WIN32 /D _DEBUG /D _WINDOWS /Gm /EHsc /RTC1 /MDd /GS /fp:precise /Zc:wchar_t /Zc:forScope /Fo"Debug\\" /Fd"Debug\vc100.pdb" /Gd /TP /wd4996 /analyze- /errorReport:prompt ..\Fluid.c
         Fluid.c
       ManifestResourceCompile:
         All outputs are up-to-date.
       Link:
         D:\Microsoft Visual Studio 10.0\VC\bin\link.exe /ERRORREPORT:PROMPT /OUT:"C:\Users\wavecom\Desktop\Final Project\sample code\smoke2d\vs2010\Debug\Fluid.exe" /INCREMENTAL /NOLOGO opengl32.lib kernel32.lib user32.lib gdi32.lib winspool.lib comdlg32.lib advapi32.lib shell32.lib ole32.lib oleaut32.lib uuid.lib odbc32.lib odbccp32.lib kernel32.lib user32.lib gdi32.lib winspool.lib comdlg32.lib advapi32.lib shell32.lib ole32.lib oleaut32.lib uuid.lib odbc32.lib odbccp32.lib /MANIFEST /ManifestFile:"Debug\Fluid.exe.intermediate.manifest" /MANIFESTUAC:"level='asInvoker' uiAccess='false'" /DEBUG /PDB:"C:\Users\wavecom\Desktop\Final Project\sample code\smoke2d\vs2010\Debug\Fluid.pdb" /SUBSYSTEM:WINDOWS /TLBID:1 /DYNAMICBASE /NXCOMPAT /IMPLIB:"C:\Users\wavecom\Desktop\Final Project\sample code\smoke2d\vs2010\Debug\Fluid.lib" /MACHINE:X86 Debug\Fluid.exe.embed.manifest.res
         Debug\CreateObstacles.obj
         Debug\Fluid.obj
         Debug\CreateQuad.obj
         Debug\CreateProgram.obj
         Debug\SlabOps.obj
         Debug\CreateSlab.obj
         "C:\Users\wavecom\Desktop\Final Project\sample code\smoke2d\vs2010\Debug\Ecosystem.lib"
       Manifest:
         c:\Program Files (x86)\Microsoft SDKs\Windows\v7.0A\bin\mt.exe /nologo /verbose /out:"Debug\Fluid.exe.embed.manifest" /manifest Debug\Fluid.exe.intermediate.manifest
         All outputs are up-to-date.
       LinkEmbedManifest:
         All outputs are up-to-date.
         Fluid.vcxproj -> C:\Users\wavecom\Desktop\Final Project\sample code\smoke2d\vs2010\Debug\Fluid.exe
       FinalizeBuildStatus:
         Deleting file "Debug\Fluid.unsuccessfulbuild".
         Touching "Debug\Fluid.lastbuildstate".
     1>Done Building Project "C:\Users\wavecom\Desktop\Final Project\sample code\smoke2d\vs2010\Fluid.vcxproj" (build target(s)).

Build succeeded.

Time Elapsed 00:00:00.69
